<?xml version="1.0" encoding="UTF-8"?>
<testng-results total="7" passed="7" failed="0" skipped="0">
  <reporter-output>
  </reporter-output>
  <suite started-at="2024-09-24T15:27:50Z" name="Test Suite for Buildout" finished-at="2024-09-24T15:29:29Z" duration-ms="98853">
    <groups>
    </groups>
    <test started-at="2024-09-24T15:27:50Z" name="Test Cases for Buildout" finished-at="2024-09-24T15:29:29Z" duration-ms="98853">
      <class name="demo.TestCases">
        <test-method is-config="true" signature="startBrowser()[pri:0, instance:demo.TestCases@25b2cfcb]" started-at="2024-09-24T20:57:50Z" name="startBrowser" finished-at="2024-09-24T20:57:53Z" duration-ms="2844" status="PASS">
          <reporter-output>
          </reporter-output>
        </test-method> <!-- startBrowser -->
        <test-method signature="testCase01()[pri:0, instance:demo.TestCases@25b2cfcb]" started-at="2024-09-24T20:57:53Z" name="testCase01" finished-at="2024-09-24T20:58:05Z" duration-ms="12341" status="PASS">
          <reporter-output>
          </reporter-output>
        </test-method> <!-- testCase01 -->
        <test-method signature="testCase02()[pri:0, instance:demo.TestCases@25b2cfcb]" started-at="2024-09-24T20:58:05Z" name="testCase02" finished-at="2024-09-24T20:58:16Z" duration-ms="10658" status="PASS">
          <reporter-output>
          </reporter-output>
        </test-method> <!-- testCase02 -->
        <test-method signature="testCase03()[pri:0, instance:demo.TestCases@25b2cfcb]" started-at="2024-09-24T20:58:16Z" name="testCase03" finished-at="2024-09-24T20:58:29Z" duration-ms="13493" status="PASS">
          <reporter-output>
          </reporter-output>
        </test-method> <!-- testCase03 -->
        <test-method signature="testCase04()[pri:0, instance:demo.TestCases@25b2cfcb]" started-at="2024-09-24T20:58:29Z" name="testCase04" finished-at="2024-09-24T20:58:45Z" duration-ms="15728" status="PASS">
          <reporter-output>
          </reporter-output>
        </test-method> <!-- testCase04 -->
        <test-method signature="testCase05(java.lang.String)[pri:0, instance:demo.TestCases@25b2cfcb]" started-at="2024-09-24T20:58:46Z" name="testCase05" data-provider="searchItems" finished-at="2024-09-24T20:58:56Z" duration-ms="10908" status="PASS">
          <params>
            <param index="0">
              <value>
                <![CDATA[Movies]]>
              </value>
            </param>
          </params>
          <reporter-output>
          </reporter-output>
        </test-method> <!-- testCase05 -->
        <test-method signature="testCase05(java.lang.String)[pri:0, instance:demo.TestCases@25b2cfcb]" started-at="2024-09-24T20:58:56Z" name="testCase05" data-provider="searchItems" finished-at="2024-09-24T20:59:05Z" duration-ms="8257" status="PASS">
          <params>
            <param index="0">
              <value>
                <![CDATA[Music]]>
              </value>
            </param>
          </params>
          <reporter-output>
          </reporter-output>
        </test-method> <!-- testCase05 -->
        <test-method signature="testCase05(java.lang.String)[pri:0, instance:demo.TestCases@25b2cfcb]" started-at="2024-09-24T20:59:05Z" name="testCase05" data-provider="searchItems" finished-at="2024-09-24T20:59:28Z" duration-ms="23340" status="PASS">
          <params>
            <param index="0">
              <value>
                <![CDATA[Games]]>
              </value>
            </param>
          </params>
          <reporter-output>
          </reporter-output>
        </test-method> <!-- testCase05 -->
        <test-method is-config="true" signature="endTest()[pri:0, instance:demo.TestCases@25b2cfcb]" started-at="2024-09-24T20:59:28Z" name="endTest" finished-at="2024-09-24T20:59:29Z" duration-ms="619" status="PASS">
          <reporter-output>
          </reporter-output>
        </test-method> <!-- endTest -->
      </class> <!-- demo.TestCases -->
    </test> <!-- Test Cases for Buildout -->
  </suite> <!-- Test Suite for Buildout -->
</testng-results>
